<?xml version="1.0" encoding="UTF-8"?>
<!-- Generated by org.testng.reporters.JUnitReportReporter -->
<testsuite hostname="ANU-LAP159" failures="0" tests="3" name="org.execute.ExecuteClass" time="62.054" errors="0" timestamp="2024-08-25T10:12:31 IST" skipped="0">
  <testcase classname="org.execute.ExecuteClass" name="TC001_LoginTheApplication_With_validusername_And_ValidPassword" time="20.821"/>
  <testcase classname="org.execute.ExecuteClass" name="TC002_LoginTheApplication_With_Invalidusername_And_InValidPassword" time="21.398"/>
  <testcase classname="org.execute.ExecuteClass" name="UserCreateTheLeadFormWebuserPage" time="19.835"/>
</testsuite> <!-- org.execute.ExecuteClass -->
