<?xml version="1.0" encoding="UTF-8"?>
<!-- Generated by org.testng.reporters.JUnitReportReporter -->
<testsuite hostname="ANU-LAP159" failures="0" tests="1" name="org.execute.ApplicationForm" time="563.579" errors="0" timestamp="2024-08-29T15:04:32 IST" skipped="0">
  <testcase classname="org.execute.ApplicationForm" name="Applicant_SubmitTheApplicationFormUseingDraftModeAfterEnteringTheData" time="563.579"/>
</testsuite> <!-- org.execute.ApplicationForm -->
