<?xml version="1.0" encoding="UTF-8"?>
<!-- Generated by org.testng.reporters.JUnitReportReporter -->
<testsuite hostname="ANU-LAP159" failures="0" tests="1" name="org.execute.CRM" time="53.794" errors="0" timestamp="2024-08-28T12:32:45 IST" skipped="0">
  <testcase classname="org.execute.CRM" name="UserCreateTheLeadWithAlreadyExistsEmailIdWithInTheSameCycleAndTheSameProgramInTheCRMmodule" time="53.794"/>
</testsuite> <!-- org.execute.CRM -->
