<?xml version="1.0" encoding="UTF-8"?>
<!-- Generated by org.testng.reporters.JUnitReportReporter -->
<testsuite hostname="ANU-LAP159" failures="0" tests="1" name="org.execute.Admission" time="45.350" errors="0" timestamp="2024-08-29T17:11:31 IST" skipped="0">
  <testcase classname="org.execute.Admission" name="User_ViewTheSubmittedApplicationFormInAdmissionModule" time="45.350"/>
</testsuite> <!-- org.execute.Admission -->
