<?xml version="1.0" encoding="UTF-8"?>
<!-- Generated by org.testng.reporters.JUnitReportReporter -->
<testsuite hostname="ANU-LAP159" failures="0" tests="2" name="org.execute.Applicant" time="63.479" errors="0" timestamp="2024-08-28T12:16:55 IST" skipped="1">
  <testcase classname="org.execute.Applicant" name="UserCreateTheLeadWithAlreadyExistsEmailIdWithInTheSameCycleAndTheSameProgram" time="63.479"/>
  <testcase classname="org.execute.Applicant" name="UserCreateTheLeadWithAlreadyExistsEmailIdWithInTheSameCycleAndTheDifferentProgram">
    <skipped/>
  </testcase> <!-- UserCreateTheLeadWithAlreadyExistsEmailIdWithInTheSameCycleAndTheDifferentProgram -->
</testsuite> <!-- org.execute.Applicant -->
