<?xml version="1.0" encoding="UTF-8"?>
<!-- Generated by org.testng.reporters.JUnitReportReporter -->
<testsuite hostname="ANU-LAP159" failures="0" tests="1" name="org.execute.LoginPage" time="18.054" errors="0" timestamp="2024-08-29T10:58:52 IST" skipped="0">
  <testcase classname="org.execute.LoginPage" name="LoginTheApplication_With_validusername_And_ValidPassword" time="18.054"/>
</testsuite> <!-- org.execute.LoginPage -->
